\BOOKMARK [1][]{section.1}{\376\377\000I\000n\000t\000r\000o\000d\000u\000c\000t\000i\000o\000n}{}% 1
\BOOKMARK [2][]{subsection.1.1}{\376\377\000P\000r\000o\000b\000l\000e\000m\000\040\000S\000t\000a\000t\000e\000m\000e\000n\000t}{section.1}% 2
\BOOKMARK [2][]{subsection.1.2}{\376\377\000R\000e\000l\000a\000t\000e\000d\000\040\000W\000o\000r\000k\000s}{section.1}% 3
\BOOKMARK [3][]{subsubsection.1.2.1}{\376\377\000D\000e\000e\000p\000\040\000L\000e\000a\000r\000n\000i\000n\000g\000\040\000A\000p\000p\000r\000o\000a\000c\000h}{subsection.1.2}% 4
\BOOKMARK [3][]{subsubsection.1.2.2}{\376\377\000M\000a\000c\000h\000i\000n\000e\000\040\000L\000e\000a\000r\000n\000i\000n\000g\000\040\000A\000p\000p\000r\000o\000a\000c\000h}{subsection.1.2}% 5
\BOOKMARK [2][]{subsection.1.3}{\376\377\000P\000r\000o\000p\000o\000s\000e\000d\000\040\000M\000e\000t\000h\000o\000d}{section.1}% 6
\BOOKMARK [1][]{section.2}{\376\377\000M\000a\000t\000e\000r\000i\000a\000l\000s\000\040\000a\000n\000d\000\040\000M\000e\000t\000h\000o\000d\000s}{}% 7
\BOOKMARK [2][]{subsection.2.1}{\376\377\000M\000a\000t\000e\000r\000i\000a\000l\000s}{section.2}% 8
\BOOKMARK [3][]{subsubsection.2.1.1}{\376\377\000I\000m\000a\000g\000e\000\040\000D\000a\000t\000a}{subsection.2.1}% 9
\BOOKMARK [3][]{subsubsection.2.1.2}{\376\377\000M\000e\000t\000a\000d\000a\000t\000a}{subsection.2.1}% 10
\BOOKMARK [2][]{subsection.2.2}{\376\377\000M\000e\000t\000h\000o\000d\000o\000l\000o\000g\000y}{section.2}% 11
\BOOKMARK [3][]{subsubsection.2.2.1}{\376\377\000O\000v\000e\000r\000a\000l\000l\000\040\000A\000r\000c\000h\000i\000t\000e\000c\000t\000u\000r\000e}{subsection.2.2}% 12
\BOOKMARK [3][]{subsubsection.2.2.2}{\376\377\000I\000n\000p\000u\000t\000\040\000S\000c\000h\000e\000m\000a}{subsection.2.2}% 13
\BOOKMARK [3][]{subsubsection.2.2.3}{\376\377\000B\000a\000c\000k\000b\000o\000n\000e\000\040\000M\000o\000d\000e\000l}{subsection.2.2}% 14
\BOOKMARK [3][]{subsubsection.2.2.4}{\376\377\000S\000o\000f\000t\000-\000A\000t\000t\000e\000n\000t\000i\000o\000n\000\040\000M\000o\000d\000u\000l\000e}{subsection.2.2}% 15
\BOOKMARK [3][]{subsubsection.2.2.5}{\376\377\000L\000o\000s\000s\000\040\000F\000u\000n\000c\000t\000i\000o\000n}{subsection.2.2}% 16
\BOOKMARK [1][]{section.3}{\376\377\000R\000e\000s\000u\000l\000t\000s}{}% 17
\BOOKMARK [2][]{subsection.3.1}{\376\377\000E\000x\000p\000e\000r\000i\000m\000e\000n\000t\000a\000l\000\040\000S\000e\000t\000u\000p}{section.3}% 18
\BOOKMARK [3][]{subsubsection.3.1.1}{\376\377\000T\000r\000a\000i\000n\000i\000n\000g}{subsection.3.1}% 19
\BOOKMARK [3][]{subsubsection.3.1.2}{\376\377\000T\000o\000o\000l\000s}{subsection.3.1}% 20
\BOOKMARK [3][]{subsubsection.3.1.3}{\376\377\000E\000v\000a\000l\000u\000a\000t\000i\000o\000n\000\040\000M\000e\000t\000r\000i\000c\000s}{subsection.3.1}% 21
\BOOKMARK [2][]{subsection.3.2}{\376\377\000D\000i\000s\000c\000u\000s\000s\000i\000o\000n}{section.3}% 22
\BOOKMARK [1][]{section.4}{\376\377\000C\000o\000n\000c\000l\000u\000s\000i\000o\000n\000s}{}% 23
\BOOKMARK [1][]{appendix.A.}{\376\377\000A\000p\000p\000e\000n\000d\000i\000x\000\040\000A}{}% 24
\BOOKMARK [1][]{appendix.B.}{\376\377\000A\000p\000p\000e\000n\000d\000i\000x\000\040\000B}{}% 25
\BOOKMARK [1][]{appendix.C.}{\376\377\000A\000p\000p\000e\000n\000d\000i\000x\000\040\000C}{}% 26
\BOOKMARK [2][]{subsection.C.1}{\376\377\000A\000p\000p\000e\000n\000d\000i\000x\000\040\000C}{appendix.C.}% 27
\BOOKMARK [2][]{subsection.C.2}{\376\377\000A\000p\000p\000e\000n\000d\000i\000x\000\040\000C}{appendix.C.}% 28
\BOOKMARK [2][]{subsection.C.3}{\376\377\000A\000p\000p\000e\000n\000d\000i\000x\000\040\000C}{appendix.C.}% 29
\BOOKMARK [1][]{table.caption.31}{\376\377\000R\000e\000f\000e\000r\000e\000n\000c\000e\000s}{}% 30
